2023-10-31 11:54:22.019 [main] INFO  org.example.Main - START OP: Add
2023-10-31 11:54:22.020 [main] INFO  org.example.Main - END OP: Add
2023-10-31 11:54:22.021 [main] INFO  org.example.Main - START OP: Div
2023-10-31 11:54:22.021 [main] INFO  org.example.Main - END OP: Div
2023-10-31 11:54:22.021 [main] INFO  org.example.Main - START OP: Div
2023-10-31 11:54:22.021 [main] INFO  org.example.Main - END OP: Div
2023-10-31 11:54:22.022 [main] INFO  org.example.Main - START OP: Sub
2023-10-31 11:54:22.022 [main] INFO  org.example.Main - END OP: Sub
2023-10-31 11:54:22.022 [main] INFO  org.example.Main - START OP: Sub
2023-10-31 11:54:22.022 [main] INFO  org.example.Main - END OP: Sub
2023-10-31 11:54:22.022 [main] INFO  org.example.Main - START OP: Mul
2023-10-31 11:54:22.022 [main] INFO  org.example.Main - END OP: Mul
2023-10-31 11:54:22.023 [main] INFO  org.example.Main - START OP: Mul
2023-10-31 11:54:22.023 [main] INFO  org.example.Main - END OP: Mul
2023-10-31 11:54:22.023 [main] INFO  org.example.Main - START OP: Add
2023-10-31 11:54:22.023 [main] INFO  org.example.Main - END OP: Add
2023-10-31 11:55:37.292 [main] INFO  org.example.Main - START OP: Add
2023-10-31 11:55:37.293 [main] INFO  org.example.Main - END OP: Add
2023-10-31 11:55:37.293 [main] INFO  org.example.Main - START OP: Div
2023-10-31 11:55:37.294 [main] INFO  org.example.Main - END OP: Div
2023-10-31 11:55:37.294 [main] INFO  org.example.Main - START OP: Div
2023-10-31 11:55:37.294 [main] INFO  org.example.Main - END OP: Div
2023-10-31 11:55:37.294 [main] INFO  org.example.Main - START OP: Sub
2023-10-31 11:55:37.294 [main] INFO  org.example.Main - END OP: Sub
2023-10-31 11:55:37.294 [main] INFO  org.example.Main - START OP: Sub
2023-10-31 11:55:37.294 [main] INFO  org.example.Main - END OP: Sub
2023-10-31 11:55:37.295 [main] INFO  org.example.Main - START OP: Mul
2023-10-31 11:55:37.295 [main] INFO  org.example.Main - END OP: Mul
2023-10-31 11:55:37.295 [main] INFO  org.example.Main - START OP: Mul
2023-10-31 11:55:37.295 [main] INFO  org.example.Main - END OP: Mul
2023-10-31 11:55:37.295 [main] INFO  org.example.Main - START OP: Add
2023-10-31 11:55:37.296 [main] INFO  org.example.Main - END OP: Add
2023-11-26 17:39:02.625 [main] INFO  org.example.Main - START OP: Add
2023-11-26 17:39:02.626 [main] INFO  org.example.Main - END OP: Add
2023-11-26 17:39:02.627 [main] INFO  org.example.Main - START OP: Div
2023-11-26 17:39:02.627 [main] INFO  org.example.Main - END OP: Div
2023-11-26 17:39:02.628 [main] INFO  org.example.Main - START OP: Div
2023-11-26 17:39:02.628 [main] INFO  org.example.Main - END OP: Div
2023-11-26 17:39:02.628 [main] INFO  org.example.Main - START OP: Sub
2023-11-26 17:39:02.628 [main] INFO  org.example.Main - END OP: Sub
2023-11-26 17:39:02.629 [main] INFO  org.example.Main - START OP: Sub
2023-11-26 17:39:02.629 [main] INFO  org.example.Main - END OP: Sub
2023-11-26 17:39:02.629 [main] INFO  org.example.Main - START OP: Mul
2023-11-26 17:39:02.629 [main] INFO  org.example.Main - END OP: Mul
2023-11-26 17:39:02.629 [main] INFO  org.example.Main - START OP: Mul
2023-11-26 17:39:02.630 [main] INFO  org.example.Main - END OP: Mul
2023-11-26 17:39:02.630 [main] INFO  org.example.Main - START OP: Add
2023-11-26 17:39:02.630 [main] INFO  org.example.Main - END OP: Add
